[22:54:03] [main/INFO]: Loading Minecraft 1.20.1 with Fabric Loader 0.16.3
[22:54:04] [main/INFO]: Loading 4 mods:
	- fabricloader 0.16.3
	   \-- mixinextras 0.4.1
	- java 17
	- minecraft 1.20.1
[22:54:04] [main/INFO]: SpongePowered MIXIN Subsystem Version=0.8.7 Source=file:/workspaces/serverpe/servidor_minecraft/libraries/net/fabricmc/sponge-mixin/0.15.2+mixin.0.8.7/sponge-mixin-0.15.2+mixin.0.8.7.jar Service=Knot/Fabric Env=SERVER
[22:54:11] [main/INFO]: Environment: authHost='https://authserver.mojang.com', accountsHost='https://api.mojang.com', sessionHost='https://sessionserver.mojang.com', servicesHost='https://api.minecraftservices.com', name='PROD'
[22:54:13] [main/INFO]: Loaded 7 recipes
[22:54:13] [main/INFO]: Loaded 1271 advancements
[22:54:14] [Server thread/INFO]: Starting minecraft server version 1.20.1
[22:54:14] [Server thread/INFO]: Loading properties
[22:54:14] [Server thread/INFO]: Default game type: SURVIVAL
[22:54:14] [Server thread/INFO]: Generating keypair
[22:54:14] [Server thread/INFO]: Starting Minecraft server on *:25565
[22:54:14] [Server thread/INFO]: Using epoll channel type
[22:54:14] [Server thread/WARN]: **** SERVER IS RUNNING IN OFFLINE/INSECURE MODE!
[22:54:14] [Server thread/WARN]: The server will make no attempt to authenticate usernames. Beware.
[22:54:14] [Server thread/WARN]: While this makes the game possible to play without internet access, it also opens up the ability for hackers to connect with any username they choose.
[22:54:14] [Server thread/WARN]: To change this, set "online-mode" to "true" in the server.properties file.
[22:54:14] [Server thread/INFO]: Preparing level "world"
[22:54:17] [Server thread/INFO]: Preparing start region for dimension minecraft:overworld
[22:54:21] [Worker-Main-3/INFO]: Preparing spawn area: 0%
[22:54:21] [Worker-Main-2/INFO]: Preparing spawn area: 0%
[22:54:21] [Worker-Main-3/INFO]: Preparing spawn area: 0%
[22:54:21] [Worker-Main-3/INFO]: Preparing spawn area: 0%
[22:54:21] [Worker-Main-3/INFO]: Preparing spawn area: 0%
[22:54:21] [Worker-Main-2/INFO]: Preparing spawn area: 0%
[22:54:21] [Worker-Main-1/INFO]: Preparing spawn area: 0%
[22:54:21] [Worker-Main-2/INFO]: Preparing spawn area: 0%
[22:54:21] [Worker-Main-1/INFO]: Preparing spawn area: 0%
[22:54:22] [Worker-Main-3/INFO]: Preparing spawn area: 0%
[22:54:22] [Worker-Main-2/INFO]: Preparing spawn area: 1%
[22:54:23] [Worker-Main-1/INFO]: Preparing spawn area: 49%
[22:54:23] [Server thread/INFO]: Time elapsed: 5900 ms
[22:54:23] [Server thread/INFO]: Done (8.934s)! For help, type "help"
